<?xml version="1.0" encoding="UTF-8"?>
<!-- Generated by org.testng.reporters.JUnitReportReporter -->
<testsuite hostname="DESKTOP-FUKREEK" failures="0" tests="10" name="Hybrid.logincrm" time="60.553" errors="0" timestamp="2022-05-23T11:29:45 IST" skipped="0">
  <testcase classname="Hybrid.logincrm" name="loginApp" time="4.650"/>
  <system-out/>
  <testcase classname="Hybrid.logincrm" name="signupapp" time="7.667"/>
  <system-out/>
  <testcase classname="Hybrid.logincrm" name="searchupapp" time="10.410"/>
  <system-out>
    <![CDATA[Bedsheet Done]]>
  </system-out>
  <testcase classname="Hybrid.logincrm" name="Bedapp" time="9.120"/>
  <system-out>
    <![CDATA[searching Done]]>
  </system-out>
  <testcase classname="Hybrid.logincrm" name="Bedappcart" time="5.491"/>
  <system-out>
    <![CDATA[bedapp Done]]>
  </system-out>
  <testcase classname="Hybrid.logincrm" name="assertions" time="3.054"/>
  <system-out>
    <![CDATA[assertions Done]]>
  </system-out>
  <testcase classname="Hybrid.logincrm" name="tvappcart" time="3.242"/>
  <system-out/>
  <testcase classname="Hybrid.logincrm" name="studyapp" time="15.748"/>
  <system-out/>
  <testcase classname="Hybrid.logincrm" name="aboutapp" time="0.569"/>
  <system-out/>
  <testcase classname="Hybrid.logincrm" name="infoapp" time="0.602"/>
  <system-out/>
</testsuite> <!-- Hybrid.logincrm -->
